The system is: Linux - 3.10.0-957.el7.x86_64 - x86_64
Compiling the C compiler identification source file "CMakeCCompilerId.c" succeeded.
Compiler: /borealis/gcc/bin/gcc-4.1.1 
Build flags: 
Id flags: 

The output was:
0


Compilation of the C compiler identification source "CMakeCCompilerId.c" produced "a.out"

The C compiler identification is GNU, found in "/Aurora/aurora_1_2/predparser/src/build/CMakeFiles/2.8.12.2/CompilerIdC/a.out"

Compiling the CXX compiler identification source file "CMakeCXXCompilerId.cpp" succeeded.
Compiler: /borealis/gcc/bin/g++-4.1.1 
Build flags: 
Id flags: 

The output was:
0


Compilation of the CXX compiler identification source "CMakeCXXCompilerId.cpp" produced "a.out"

The CXX compiler identification is GNU, found in "/Aurora/aurora_1_2/predparser/src/build/CMakeFiles/2.8.12.2/CompilerIdCXX/a.out"

Determining if the C compiler works passed with the following output:
Change Dir: /Aurora/aurora_1_2/predparser/src/build/CMakeFiles/CMakeTmp

Run Build Command:/usr/bin/gmake "cmTryCompileExec2951827104/fast"
/usr/bin/gmake -f CMakeFiles/cmTryCompileExec2951827104.dir/build.make CMakeFiles/cmTryCompileExec2951827104.dir/build
gmake[1]: Entering directory `/Aurora/aurora_1_2/predparser/src/build/CMakeFiles/CMakeTmp'
/usr/bin/cmake -E cmake_progress_report /Aurora/aurora_1_2/predparser/src/build/CMakeFiles/CMakeTmp/CMakeFiles 1
Building C object CMakeFiles/cmTryCompileExec2951827104.dir/testCCompiler.c.o
/borealis/gcc/bin/gcc-4.1.1    -o CMakeFiles/cmTryCompileExec2951827104.dir/testCCompiler.c.o   -c /Aurora/aurora_1_2/predparser/src/build/CMakeFiles/CMakeTmp/testCCompiler.c
Linking C executable cmTryCompileExec2951827104
/usr/bin/cmake -E cmake_link_script CMakeFiles/cmTryCompileExec2951827104.dir/link.txt --verbose=1
/borealis/gcc/bin/gcc-4.1.1       CMakeFiles/cmTryCompileExec2951827104.dir/testCCompiler.c.o  -o cmTryCompileExec2951827104 -rdynamic 
gmake[1]: Leaving directory `/Aurora/aurora_1_2/predparser/src/build/CMakeFiles/CMakeTmp'


Detecting C compiler ABI info compiled with the following output:
Change Dir: /Aurora/aurora_1_2/predparser/src/build/CMakeFiles/CMakeTmp

Run Build Command:/usr/bin/gmake "cmTryCompileExec147659792/fast"
/usr/bin/gmake -f CMakeFiles/cmTryCompileExec147659792.dir/build.make CMakeFiles/cmTryCompileExec147659792.dir/build
gmake[1]: Entering directory `/Aurora/aurora_1_2/predparser/src/build/CMakeFiles/CMakeTmp'
/usr/bin/cmake -E cmake_progress_report /Aurora/aurora_1_2/predparser/src/build/CMakeFiles/CMakeTmp/CMakeFiles 1
Building C object CMakeFiles/cmTryCompileExec147659792.dir/CMakeCCompilerABI.c.o
/borealis/gcc/bin/gcc-4.1.1    -o CMakeFiles/cmTryCompileExec147659792.dir/CMakeCCompilerABI.c.o   -c /usr/share/cmake/Modules/CMakeCCompilerABI.c
Linking C executable cmTryCompileExec147659792
/usr/bin/cmake -E cmake_link_script CMakeFiles/cmTryCompileExec147659792.dir/link.txt --verbose=1
/borealis/gcc/bin/gcc-4.1.1     -v CMakeFiles/cmTryCompileExec147659792.dir/CMakeCCompilerABI.c.o  -o cmTryCompileExec147659792 -rdynamic  
Using built-in specs.
Target: x86_64-unknown-linux-gnu
Configured with: ../gcc-4.1.1/configure --program-suffix=-4.1.1 --prefix=/borealis/gcc : (reconfigured) ../gcc-4.1.1/configure --program-suffix=-4.1.1 --prefix=/borealis/gcc --disable-multilib
Thread model: posix
gcc version 4.1.1
 /borealis/gcc/libexec/gcc/x86_64-unknown-linux-gnu/4.1.1/collect2 --eh-frame-hdr -m elf_x86_64 -export-dynamic -dynamic-linker /lib64/ld-linux-x86-64.so.2 -o cmTryCompileExec147659792 /lib/../lib64/crt1.o /lib/../lib64/crti.o /borealis/gcc/lib/gcc/x86_64-unknown-linux-gnu/4.1.1/crtbegin.o -L/borealis/gcc/lib/gcc/x86_64-unknown-linux-gnu/4.1.1 -L/borealis/gcc/lib/gcc/x86_64-unknown-linux-gnu/4.1.1/../../../../lib64 -L/lib/../lib64 -L/usr/lib/../lib64 CMakeFiles/cmTryCompileExec147659792.dir/CMakeCCompilerABI.c.o -lgcc --as-needed -lgcc_s --no-as-needed -lc -lgcc --as-needed -lgcc_s --no-as-needed /borealis/gcc/lib/gcc/x86_64-unknown-linux-gnu/4.1.1/crtend.o /lib/../lib64/crtn.o
gmake[1]: Leaving directory `/Aurora/aurora_1_2/predparser/src/build/CMakeFiles/CMakeTmp'


Parsed C implicit link information from above output:
  link line regex: [^( *|.*[/\])(ld|([^/\]+-)?ld|collect2)[^/\]*( |$)]
  ignore line: [Change Dir: /Aurora/aurora_1_2/predparser/src/build/CMakeFiles/CMakeTmp]
  ignore line: []
  ignore line: [Run Build Command:/usr/bin/gmake "cmTryCompileExec147659792/fast"]
  ignore line: [/usr/bin/gmake -f CMakeFiles/cmTryCompileExec147659792.dir/build.make CMakeFiles/cmTryCompileExec147659792.dir/build]
  ignore line: [gmake[1]: Entering directory `/Aurora/aurora_1_2/predparser/src/build/CMakeFiles/CMakeTmp']
  ignore line: [/usr/bin/cmake -E cmake_progress_report /Aurora/aurora_1_2/predparser/src/build/CMakeFiles/CMakeTmp/CMakeFiles 1]
  ignore line: [Building C object CMakeFiles/cmTryCompileExec147659792.dir/CMakeCCompilerABI.c.o]
  ignore line: [/borealis/gcc/bin/gcc-4.1.1    -o CMakeFiles/cmTryCompileExec147659792.dir/CMakeCCompilerABI.c.o   -c /usr/share/cmake/Modules/CMakeCCompilerABI.c]
  ignore line: [Linking C executable cmTryCompileExec147659792]
  ignore line: [/usr/bin/cmake -E cmake_link_script CMakeFiles/cmTryCompileExec147659792.dir/link.txt --verbose=1]
  ignore line: [/borealis/gcc/bin/gcc-4.1.1     -v CMakeFiles/cmTryCompileExec147659792.dir/CMakeCCompilerABI.c.o  -o cmTryCompileExec147659792 -rdynamic  ]
  ignore line: [Using built-in specs.]
  ignore line: [Target: x86_64-unknown-linux-gnu]
  ignore line: [Configured with: ../gcc-4.1.1/configure --program-suffix=-4.1.1 --prefix=/borealis/gcc : (reconfigured) ../gcc-4.1.1/configure --program-suffix=-4.1.1 --prefix=/borealis/gcc --disable-multilib]
  ignore line: [Thread model: posix]
  ignore line: [gcc version 4.1.1]
  link line: [ /borealis/gcc/libexec/gcc/x86_64-unknown-linux-gnu/4.1.1/collect2 --eh-frame-hdr -m elf_x86_64 -export-dynamic -dynamic-linker /lib64/ld-linux-x86-64.so.2 -o cmTryCompileExec147659792 /lib/../lib64/crt1.o /lib/../lib64/crti.o /borealis/gcc/lib/gcc/x86_64-unknown-linux-gnu/4.1.1/crtbegin.o -L/borealis/gcc/lib/gcc/x86_64-unknown-linux-gnu/4.1.1 -L/borealis/gcc/lib/gcc/x86_64-unknown-linux-gnu/4.1.1/../../../../lib64 -L/lib/../lib64 -L/usr/lib/../lib64 CMakeFiles/cmTryCompileExec147659792.dir/CMakeCCompilerABI.c.o -lgcc --as-needed -lgcc_s --no-as-needed -lc -lgcc --as-needed -lgcc_s --no-as-needed /borealis/gcc/lib/gcc/x86_64-unknown-linux-gnu/4.1.1/crtend.o /lib/../lib64/crtn.o]
    arg [/borealis/gcc/libexec/gcc/x86_64-unknown-linux-gnu/4.1.1/collect2] ==> ignore
    arg [--eh-frame-hdr] ==> ignore
    arg [-m] ==> ignore
    arg [elf_x86_64] ==> ignore
    arg [-export-dynamic] ==> ignore
    arg [-dynamic-linker] ==> ignore
    arg [/lib64/ld-linux-x86-64.so.2] ==> ignore
    arg [-o] ==> ignore
    arg [cmTryCompileExec147659792] ==> ignore
    arg [/lib/../lib64/crt1.o] ==> ignore
    arg [/lib/../lib64/crti.o] ==> ignore
    arg [/borealis/gcc/lib/gcc/x86_64-unknown-linux-gnu/4.1.1/crtbegin.o] ==> ignore
    arg [-L/borealis/gcc/lib/gcc/x86_64-unknown-linux-gnu/4.1.1] ==> dir [/borealis/gcc/lib/gcc/x86_64-unknown-linux-gnu/4.1.1]
    arg [-L/borealis/gcc/lib/gcc/x86_64-unknown-linux-gnu/4.1.1/../../../../lib64] ==> dir [/borealis/gcc/lib/gcc/x86_64-unknown-linux-gnu/4.1.1/../../../../lib64]
    arg [-L/lib/../lib64] ==> dir [/lib/../lib64]
    arg [-L/usr/lib/../lib64] ==> dir [/usr/lib/../lib64]
    arg [CMakeFiles/cmTryCompileExec147659792.dir/CMakeCCompilerABI.c.o] ==> ignore
    arg [-lgcc] ==> lib [gcc]
    arg [--as-needed] ==> ignore
    arg [-lgcc_s] ==> lib [gcc_s]
    arg [--no-as-needed] ==> ignore
    arg [-lc] ==> lib [c]
    arg [-lgcc] ==> lib [gcc]
    arg [--as-needed] ==> ignore
    arg [-lgcc_s] ==> lib [gcc_s]
    arg [--no-as-needed] ==> ignore
    arg [/borealis/gcc/lib/gcc/x86_64-unknown-linux-gnu/4.1.1/crtend.o] ==> ignore
    arg [/lib/../lib64/crtn.o] ==> ignore
  remove lib [gcc]
  remove lib [gcc_s]
  remove lib [gcc]
  remove lib [gcc_s]
  collapse library dir [/borealis/gcc/lib/gcc/x86_64-unknown-linux-gnu/4.1.1] ==> [/borealis/gcc/lib/gcc/x86_64-unknown-linux-gnu/4.1.1]
  collapse library dir [/borealis/gcc/lib/gcc/x86_64-unknown-linux-gnu/4.1.1/../../../../lib64] ==> [/borealis/gcc/lib64]
  collapse library dir [/lib/../lib64] ==> [/lib64]
  collapse library dir [/usr/lib/../lib64] ==> [/usr/lib64]
  implicit libs: [c]
  implicit dirs: [/borealis/gcc/lib/gcc/x86_64-unknown-linux-gnu/4.1.1;/borealis/gcc/lib64;/lib64;/usr/lib64]
  implicit fwks: []


Determining if the CXX compiler works passed with the following output:
Change Dir: /Aurora/aurora_1_2/predparser/src/build/CMakeFiles/CMakeTmp

Run Build Command:/usr/bin/gmake "cmTryCompileExec1337554314/fast"
/usr/bin/gmake -f CMakeFiles/cmTryCompileExec1337554314.dir/build.make CMakeFiles/cmTryCompileExec1337554314.dir/build
gmake[1]: Entering directory `/Aurora/aurora_1_2/predparser/src/build/CMakeFiles/CMakeTmp'
/usr/bin/cmake -E cmake_progress_report /Aurora/aurora_1_2/predparser/src/build/CMakeFiles/CMakeTmp/CMakeFiles 1
Building CXX object CMakeFiles/cmTryCompileExec1337554314.dir/testCXXCompiler.cxx.o
/borealis/gcc/bin/g++-4.1.1     -o CMakeFiles/cmTryCompileExec1337554314.dir/testCXXCompiler.cxx.o -c /Aurora/aurora_1_2/predparser/src/build/CMakeFiles/CMakeTmp/testCXXCompiler.cxx
Linking CXX executable cmTryCompileExec1337554314
/usr/bin/cmake -E cmake_link_script CMakeFiles/cmTryCompileExec1337554314.dir/link.txt --verbose=1
/borealis/gcc/bin/g++-4.1.1        CMakeFiles/cmTryCompileExec1337554314.dir/testCXXCompiler.cxx.o  -o cmTryCompileExec1337554314 -rdynamic 
gmake[1]: Leaving directory `/Aurora/aurora_1_2/predparser/src/build/CMakeFiles/CMakeTmp'


Detecting CXX compiler ABI info compiled with the following output:
Change Dir: /Aurora/aurora_1_2/predparser/src/build/CMakeFiles/CMakeTmp

Run Build Command:/usr/bin/gmake "cmTryCompileExec2490908960/fast"
/usr/bin/gmake -f CMakeFiles/cmTryCompileExec2490908960.dir/build.make CMakeFiles/cmTryCompileExec2490908960.dir/build
gmake[1]: Entering directory `/Aurora/aurora_1_2/predparser/src/build/CMakeFiles/CMakeTmp'
/usr/bin/cmake -E cmake_progress_report /Aurora/aurora_1_2/predparser/src/build/CMakeFiles/CMakeTmp/CMakeFiles 1
Building CXX object CMakeFiles/cmTryCompileExec2490908960.dir/CMakeCXXCompilerABI.cpp.o
/borealis/gcc/bin/g++-4.1.1     -o CMakeFiles/cmTryCompileExec2490908960.dir/CMakeCXXCompilerABI.cpp.o -c /usr/share/cmake/Modules/CMakeCXXCompilerABI.cpp
Linking CXX executable cmTryCompileExec2490908960
/usr/bin/cmake -E cmake_link_script CMakeFiles/cmTryCompileExec2490908960.dir/link.txt --verbose=1
/borealis/gcc/bin/g++-4.1.1      -v CMakeFiles/cmTryCompileExec2490908960.dir/CMakeCXXCompilerABI.cpp.o  -o cmTryCompileExec2490908960 -rdynamic  
Using built-in specs.
Target: x86_64-unknown-linux-gnu
Configured with: ../gcc-4.1.1/configure --program-suffix=-4.1.1 --prefix=/borealis/gcc : (reconfigured) ../gcc-4.1.1/configure --program-suffix=-4.1.1 --prefix=/borealis/gcc --disable-multilib
Thread model: posix
gcc version 4.1.1
 /borealis/gcc/libexec/gcc/x86_64-unknown-linux-gnu/4.1.1/collect2 --eh-frame-hdr -m elf_x86_64 -export-dynamic -dynamic-linker /lib64/ld-linux-x86-64.so.2 -o cmTryCompileExec2490908960 /lib/../lib64/crt1.o /lib/../lib64/crti.o /borealis/gcc/lib/gcc/x86_64-unknown-linux-gnu/4.1.1/crtbegin.o -L/borealis/gcc/lib/gcc/x86_64-unknown-linux-gnu/4.1.1 -L/borealis/gcc/lib/gcc/x86_64-unknown-linux-gnu/4.1.1/../../../../lib64 -L/lib/../lib64 -L/usr/lib/../lib64 CMakeFiles/cmTryCompileExec2490908960.dir/CMakeCXXCompilerABI.cpp.o -lstdc++ -lm -lgcc_s -lgcc -lc -lgcc_s -lgcc /borealis/gcc/lib/gcc/x86_64-unknown-linux-gnu/4.1.1/crtend.o /lib/../lib64/crtn.o
gmake[1]: Leaving directory `/Aurora/aurora_1_2/predparser/src/build/CMakeFiles/CMakeTmp'


Parsed CXX implicit link information from above output:
  link line regex: [^( *|.*[/\])(ld|([^/\]+-)?ld|collect2)[^/\]*( |$)]
  ignore line: [Change Dir: /Aurora/aurora_1_2/predparser/src/build/CMakeFiles/CMakeTmp]
  ignore line: []
  ignore line: [Run Build Command:/usr/bin/gmake "cmTryCompileExec2490908960/fast"]
  ignore line: [/usr/bin/gmake -f CMakeFiles/cmTryCompileExec2490908960.dir/build.make CMakeFiles/cmTryCompileExec2490908960.dir/build]
  ignore line: [gmake[1]: Entering directory `/Aurora/aurora_1_2/predparser/src/build/CMakeFiles/CMakeTmp']
  ignore line: [/usr/bin/cmake -E cmake_progress_report /Aurora/aurora_1_2/predparser/src/build/CMakeFiles/CMakeTmp/CMakeFiles 1]
  ignore line: [Building CXX object CMakeFiles/cmTryCompileExec2490908960.dir/CMakeCXXCompilerABI.cpp.o]
  ignore line: [/borealis/gcc/bin/g++-4.1.1     -o CMakeFiles/cmTryCompileExec2490908960.dir/CMakeCXXCompilerABI.cpp.o -c /usr/share/cmake/Modules/CMakeCXXCompilerABI.cpp]
  ignore line: [Linking CXX executable cmTryCompileExec2490908960]
  ignore line: [/usr/bin/cmake -E cmake_link_script CMakeFiles/cmTryCompileExec2490908960.dir/link.txt --verbose=1]
  ignore line: [/borealis/gcc/bin/g++-4.1.1      -v CMakeFiles/cmTryCompileExec2490908960.dir/CMakeCXXCompilerABI.cpp.o  -o cmTryCompileExec2490908960 -rdynamic  ]
  ignore line: [Using built-in specs.]
  ignore line: [Target: x86_64-unknown-linux-gnu]
  ignore line: [Configured with: ../gcc-4.1.1/configure --program-suffix=-4.1.1 --prefix=/borealis/gcc : (reconfigured) ../gcc-4.1.1/configure --program-suffix=-4.1.1 --prefix=/borealis/gcc --disable-multilib]
  ignore line: [Thread model: posix]
  ignore line: [gcc version 4.1.1]
  link line: [ /borealis/gcc/libexec/gcc/x86_64-unknown-linux-gnu/4.1.1/collect2 --eh-frame-hdr -m elf_x86_64 -export-dynamic -dynamic-linker /lib64/ld-linux-x86-64.so.2 -o cmTryCompileExec2490908960 /lib/../lib64/crt1.o /lib/../lib64/crti.o /borealis/gcc/lib/gcc/x86_64-unknown-linux-gnu/4.1.1/crtbegin.o -L/borealis/gcc/lib/gcc/x86_64-unknown-linux-gnu/4.1.1 -L/borealis/gcc/lib/gcc/x86_64-unknown-linux-gnu/4.1.1/../../../../lib64 -L/lib/../lib64 -L/usr/lib/../lib64 CMakeFiles/cmTryCompileExec2490908960.dir/CMakeCXXCompilerABI.cpp.o -lstdc++ -lm -lgcc_s -lgcc -lc -lgcc_s -lgcc /borealis/gcc/lib/gcc/x86_64-unknown-linux-gnu/4.1.1/crtend.o /lib/../lib64/crtn.o]
    arg [/borealis/gcc/libexec/gcc/x86_64-unknown-linux-gnu/4.1.1/collect2] ==> ignore
    arg [--eh-frame-hdr] ==> ignore
    arg [-m] ==> ignore
    arg [elf_x86_64] ==> ignore
    arg [-export-dynamic] ==> ignore
    arg [-dynamic-linker] ==> ignore
    arg [/lib64/ld-linux-x86-64.so.2] ==> ignore
    arg [-o] ==> ignore
    arg [cmTryCompileExec2490908960] ==> ignore
    arg [/lib/../lib64/crt1.o] ==> ignore
    arg [/lib/../lib64/crti.o] ==> ignore
    arg [/borealis/gcc/lib/gcc/x86_64-unknown-linux-gnu/4.1.1/crtbegin.o] ==> ignore
    arg [-L/borealis/gcc/lib/gcc/x86_64-unknown-linux-gnu/4.1.1] ==> dir [/borealis/gcc/lib/gcc/x86_64-unknown-linux-gnu/4.1.1]
    arg [-L/borealis/gcc/lib/gcc/x86_64-unknown-linux-gnu/4.1.1/../../../../lib64] ==> dir [/borealis/gcc/lib/gcc/x86_64-unknown-linux-gnu/4.1.1/../../../../lib64]
    arg [-L/lib/../lib64] ==> dir [/lib/../lib64]
    arg [-L/usr/lib/../lib64] ==> dir [/usr/lib/../lib64]
    arg [CMakeFiles/cmTryCompileExec2490908960.dir/CMakeCXXCompilerABI.cpp.o] ==> ignore
    arg [-lstdc++] ==> lib [stdc++]
    arg [-lm] ==> lib [m]
    arg [-lgcc_s] ==> lib [gcc_s]
    arg [-lgcc] ==> lib [gcc]
    arg [-lc] ==> lib [c]
    arg [-lgcc_s] ==> lib [gcc_s]
    arg [-lgcc] ==> lib [gcc]
    arg [/borealis/gcc/lib/gcc/x86_64-unknown-linux-gnu/4.1.1/crtend.o] ==> ignore
    arg [/lib/../lib64/crtn.o] ==> ignore
  remove lib [gcc_s]
  remove lib [gcc]
  remove lib [gcc_s]
  remove lib [gcc]
  collapse library dir [/borealis/gcc/lib/gcc/x86_64-unknown-linux-gnu/4.1.1] ==> [/borealis/gcc/lib/gcc/x86_64-unknown-linux-gnu/4.1.1]
  collapse library dir [/borealis/gcc/lib/gcc/x86_64-unknown-linux-gnu/4.1.1/../../../../lib64] ==> [/borealis/gcc/lib64]
  collapse library dir [/lib/../lib64] ==> [/lib64]
  collapse library dir [/usr/lib/../lib64] ==> [/usr/lib64]
  implicit libs: [stdc++;m;c]
  implicit dirs: [/borealis/gcc/lib/gcc/x86_64-unknown-linux-gnu/4.1.1;/borealis/gcc/lib64;/lib64;/usr/lib64]
  implicit fwks: []


